<?xml version="1.0" encoding="UTF-8"?>
<robot generator="Robot 4.0 (Python 3.8.3 on win32)" generated="20210403 23:36:15.454" rpa="false" schemaversion="2">
<suite id="s1" name="Test" source="C:\Users\Chethana M\Desktop\Testing\test.robot">
<test id="s1-t1" name="Login With Registered Mail Adress">
<kw name="Open KaiPage">
<kw name="Open Browser" library="Selenium2Library">
<arg>${SiteUrl}</arg>
<arg>${Browser}</arg>
<doc>Opens a new browser instance to the optional ``url``.</doc>
<msg timestamp="20210403 23:36:15.637" level="INFO">Opening browser 'chrome' to base url 'https://kai.eastus.cloudapp.azure.com/login'.</msg>
<status status="PASS" starttime="20210403 23:36:15.637" endtime="20210403 23:36:18.115"/>
</kw>
<kw name="Maximize Browser Window" library="Selenium2Library">
<doc>Maximizes current browser window.</doc>
<status status="PASS" starttime="20210403 23:36:18.115" endtime="20210403 23:36:18.240"/>
</kw>
<status status="PASS" starttime="20210403 23:36:15.637" endtime="20210403 23:36:18.240"/>
</kw>
<kw name="Click security">
<kw name="Click Button" library="Selenium2Library">
<arg>id=details-button</arg>
<doc>Clicks the button identified by ``locator``.</doc>
<msg timestamp="20210403 23:36:18.241" level="INFO">Clicking button 'id=details-button'.</msg>
<status status="PASS" starttime="20210403 23:36:18.241" endtime="20210403 23:36:18.288"/>
</kw>
<kw name="Click Link" library="Selenium2Library">
<arg>id=proceed-link</arg>
<doc>Clicks a link identified by ``locator``.</doc>
<msg timestamp="20210403 23:36:18.289" level="INFO">Clicking link 'id=proceed-link'.</msg>
<status status="PASS" starttime="20210403 23:36:18.288" endtime="20210403 23:36:22.129"/>
</kw>
<status status="PASS" starttime="20210403 23:36:18.240" endtime="20210403 23:36:22.129"/>
</kw>
<kw name="Check Title">
<kw name="Title Should Be" library="Selenium2Library">
<arg>${DashboardTitle}</arg>
<doc>Verifies that the current page title equals ``title``.</doc>
<msg timestamp="20210403 23:36:22.134" level="INFO">Page title is 'KAI | Product Classification'.</msg>
<status status="PASS" starttime="20210403 23:36:22.130" endtime="20210403 23:36:22.134"/>
</kw>
<status status="PASS" starttime="20210403 23:36:22.129" endtime="20210403 23:36:22.134"/>
</kw>
<kw name="Enter User Name">
<kw name="Input Text" library="Selenium2Library">
<arg>name=k-username</arg>
<arg>${Username}</arg>
<doc>Types the given ``text`` into the text field identified by ``locator``.</doc>
<msg timestamp="20210403 23:36:22.135" level="INFO">Typing text 'demouser' into text field 'name=k-username'.</msg>
<status status="PASS" starttime="20210403 23:36:22.135" endtime="20210403 23:36:22.237"/>
</kw>
<status status="PASS" starttime="20210403 23:36:22.135" endtime="20210403 23:36:22.238"/>
</kw>
<kw name="Enter Right Password">
<kw name="Input Text" library="Selenium2Library">
<arg>name=k-password</arg>
<arg>${Password}</arg>
<doc>Types the given ``text`` into the text field identified by ``locator``.</doc>
<msg timestamp="20210403 23:36:22.239" level="INFO">Typing text 'Kai@demo1' into text field 'name=k-password'.</msg>
<status status="PASS" starttime="20210403 23:36:22.238" endtime="20210403 23:36:22.322"/>
</kw>
<status status="PASS" starttime="20210403 23:36:22.238" endtime="20210403 23:36:22.322"/>
</kw>
<kw name="Click Login">
<kw name="Click Button" library="Selenium2Library">
<arg>class:button.is-custom</arg>
<doc>Clicks the button identified by ``locator``.</doc>
<msg timestamp="20210403 23:36:22.323" level="INFO">Clicking button 'class:button.is-custom'.</msg>
<status status="PASS" starttime="20210403 23:36:22.323" endtime="20210403 23:36:22.378"/>
</kw>
<status status="PASS" starttime="20210403 23:36:22.323" endtime="20210403 23:36:22.378"/>
</kw>
<kw name="Sleep" library="BuiltIn">
<arg>${Delay}</arg>
<doc>Pauses the test executed for the given time.</doc>
<msg timestamp="20210403 23:36:27.395" level="INFO">Slept 5 seconds</msg>
<status status="PASS" starttime="20210403 23:36:22.378" endtime="20210403 23:36:27.396"/>
</kw>
<kw name="Sucessfull Login">
<kw name="Element Text Should Be" library="Selenium2Library">
<arg>class=navbar-item.has-dropdown.is-hoverable</arg>
<arg>${LoggedInCheck}</arg>
<doc>Verifies that element ``locator`` contains exact the text ``expected``.</doc>
<msg timestamp="20210403 23:36:27.400" level="INFO">Verifying element 'class=navbar-item.has-dropdown.is-hoverable' contains exact text 'Classification'.</msg>
<status status="PASS" starttime="20210403 23:36:27.398" endtime="20210403 23:36:27.428"/>
</kw>
<status status="PASS" starttime="20210403 23:36:27.397" endtime="20210403 23:36:27.428"/>
</kw>
<status status="PASS" starttime="20210403 23:36:15.636" endtime="20210403 23:36:27.429"/>
</test>
<test id="s1-t2" name="Model Test">
<kw name="Click Model DropDown">
<kw name="Click Link" library="Selenium2Library">
<arg>link:Mass Predict</arg>
<doc>Clicks a link identified by ``locator``.</doc>
<msg timestamp="20210403 23:36:27.431" level="INFO">Clicking link 'link:Mass Predict'.</msg>
<status status="PASS" starttime="20210403 23:36:27.431" endtime="20210403 23:36:27.511"/>
</kw>
<kw name="Click Element" library="Selenium2Library">
<arg>id=customSelect</arg>
<doc>Click the element identified by ``locator``.</doc>
<msg timestamp="20210403 23:36:27.511" level="INFO">Clicking element 'id=customSelect'.</msg>
<status status="PASS" starttime="20210403 23:36:27.511" endtime="20210403 23:36:27.566"/>
</kw>
<kw name="Select From List By Index" library="Selenium2Library">
<arg>id=customSelect 1</arg>
<doc>Selects options from selection list ``locator`` by ``indexes``.</doc>
<kw name="Capture Page Screenshot" library="Selenium2Library">
<doc>Takes a screenshot of the current page and embeds it into a log file.</doc>
<msg timestamp="20210403 23:36:27.946" level="INFO" html="true">&lt;/td&gt;&lt;/tr&gt;&lt;tr&gt;&lt;td colspan="3"&gt;&lt;a href="selenium-screenshot-24.png"&gt;&lt;img src="selenium-screenshot-24.png" width="800px"&gt;&lt;/a&gt;</msg>
<status status="PASS" starttime="20210403 23:36:27.566" endtime="20210403 23:36:27.946"/>
</kw>
<msg timestamp="20210403 23:36:27.958" level="FAIL">ValueError: No indexes given.</msg>
<status status="FAIL" starttime="20210403 23:36:27.566" endtime="20210403 23:36:27.958"/>
</kw>
<status status="FAIL" starttime="20210403 23:36:27.431" endtime="20210403 23:36:27.958"/>
</kw>
<kw name="Close Browser" library="Selenium2Library" type="TEARDOWN">
<doc>Closes the current browser.</doc>
<status status="PASS" starttime="20210403 23:36:27.959" endtime="20210403 23:36:30.064"/>
</kw>
<status status="FAIL" starttime="20210403 23:36:27.430" endtime="20210403 23:36:30.065">ValueError: No indexes given.</status>
</test>
<status status="FAIL" starttime="20210403 23:36:15.456" endtime="20210403 23:36:30.073"/>
</suite>
<statistics>
<total>
<stat pass="1" fail="1" skip="0">All Tests</stat>
</total>
<tag>
</tag>
<suite>
<stat pass="1" fail="1" skip="0" id="s1" name="Test">Test</stat>
</suite>
</statistics>
<errors>
</errors>
</robot>
