<?xml version="1.0" encoding="UTF-8"?>
<robot generator="Robot 4.0 (Python 3.8.3 on win32)" generated="20210403 18:09:46.464" rpa="false" schemaversion="2">
<suite id="s1" name="Test" source="C:\Users\Chethana M\Desktop\Testing\test.robot">
<test id="s1-t1" name="Login Should Failed With Registered Mail Adress">
<kw name="Open KaiPage">
<kw name="Open Browser" library="Selenium2Library">
<arg>${SiteUrl}</arg>
<arg>${Browser}</arg>
<doc>Opens a new browser instance to the optional ``url``.</doc>
<msg timestamp="20210403 18:09:46.648" level="INFO">Opening browser 'chrome' to base url 'https://kai.eastus.cloudapp.azure.com/login'.</msg>
<status status="PASS" starttime="20210403 18:09:46.648" endtime="20210403 18:09:49.106"/>
</kw>
<kw name="Maximize Browser Window" library="Selenium2Library">
<doc>Maximizes current browser window.</doc>
<status status="PASS" starttime="20210403 18:09:49.106" endtime="20210403 18:09:49.230"/>
</kw>
<status status="PASS" starttime="20210403 18:09:46.648" endtime="20210403 18:09:49.230"/>
</kw>
<kw name="Click security">
<kw name="Click Button" library="Selenium2Library">
<arg>id=details-button</arg>
<doc>Clicks the button identified by ``locator``.</doc>
<msg timestamp="20210403 18:09:49.231" level="INFO">Clicking button 'id=details-button'.</msg>
<status status="PASS" starttime="20210403 18:09:49.231" endtime="20210403 18:09:49.278"/>
</kw>
<kw name="Click Link" library="Selenium2Library">
<arg>id=proceed-link</arg>
<doc>Clicks a link identified by ``locator``.</doc>
<msg timestamp="20210403 18:09:49.279" level="INFO">Clicking link 'id=proceed-link'.</msg>
<status status="PASS" starttime="20210403 18:09:49.279" endtime="20210403 18:09:53.159"/>
</kw>
<status status="PASS" starttime="20210403 18:09:49.231" endtime="20210403 18:09:53.159"/>
</kw>
<kw name="Check Title">
<kw name="Title Should Be" library="Selenium2Library">
<arg>${DashboardTitle}</arg>
<doc>Verifies that the current page title equals ``title``.</doc>
<msg timestamp="20210403 18:09:53.164" level="INFO">Page title is 'KAI | Product Classification'.</msg>
<status status="PASS" starttime="20210403 18:09:53.160" endtime="20210403 18:09:53.164"/>
</kw>
<status status="PASS" starttime="20210403 18:09:53.160" endtime="20210403 18:09:53.164"/>
</kw>
<kw name="Enter User Name">
<kw name="Input Text" library="Selenium2Library">
<arg>name=k-username</arg>
<arg>${Username}</arg>
<doc>Types the given ``text`` into the text field identified by ``locator``.</doc>
<msg timestamp="20210403 18:09:53.165" level="INFO">Typing text 'demouser' into text field 'name=k-username'.</msg>
<status status="PASS" starttime="20210403 18:09:53.165" endtime="20210403 18:09:53.264"/>
</kw>
<status status="PASS" starttime="20210403 18:09:53.165" endtime="20210403 18:09:53.264"/>
</kw>
<kw name="Enter Right Password">
<kw name="Input Text" library="Selenium2Library">
<arg>name=k-password</arg>
<arg>${Password}</arg>
<doc>Types the given ``text`` into the text field identified by ``locator``.</doc>
<msg timestamp="20210403 18:09:53.265" level="INFO">Typing text 'kai@demo1w' into text field 'name=k-password'.</msg>
<status status="PASS" starttime="20210403 18:09:53.265" endtime="20210403 18:09:53.349"/>
</kw>
<status status="PASS" starttime="20210403 18:09:53.264" endtime="20210403 18:09:53.349"/>
</kw>
<kw name="Click Login">
<kw name="Click Button" library="Selenium2Library">
<arg>class:button.is-custom</arg>
<doc>Clicks the button identified by ``locator``.</doc>
<msg timestamp="20210403 18:09:53.350" level="INFO">Clicking button 'class:button.is-custom'.</msg>
<status status="PASS" starttime="20210403 18:09:53.350" endtime="20210403 18:09:53.402"/>
</kw>
<status status="PASS" starttime="20210403 18:09:53.349" endtime="20210403 18:09:53.403"/>
</kw>
<kw name="Sleep" library="BuiltIn">
<arg>${Delay}</arg>
<doc>Pauses the test executed for the given time.</doc>
<msg timestamp="20210403 18:09:58.414" level="INFO">Slept 5 seconds</msg>
<status status="PASS" starttime="20210403 18:09:53.403" endtime="20210403 18:09:58.414"/>
</kw>
<kw name="Assert Warning Message">
<kw name="Element Text Should Be" library="Selenium2Library">
<arg>class=_9ay7</arg>
<arg>${ExpectedWarningMessage}</arg>
<doc>Verifies that element ``locator`` contains exact the text ``expected``.</doc>
<msg timestamp="20210403 18:09:58.419" level="INFO">Verifying element 'class=_9ay7' contains exact text 'User doesn'.</msg>
<kw name="Capture Page Screenshot" library="Selenium2Library">
<doc>Takes a screenshot of the current page and embeds it into a log file.</doc>
<msg timestamp="20210403 18:09:58.726" level="INFO" html="true">&lt;/td&gt;&lt;/tr&gt;&lt;tr&gt;&lt;td colspan="3"&gt;&lt;a href="selenium-screenshot-39.png"&gt;&lt;img src="selenium-screenshot-39.png" width="800px"&gt;&lt;/a&gt;</msg>
<status status="PASS" starttime="20210403 18:09:58.430" endtime="20210403 18:09:58.727"/>
</kw>
<msg timestamp="20210403 18:09:58.730" level="FAIL">Element with locator 'class=_9ay7' not found.</msg>
<status status="FAIL" starttime="20210403 18:09:58.418" endtime="20210403 18:09:58.730"/>
</kw>
<status status="FAIL" starttime="20210403 18:09:58.416" endtime="20210403 18:09:58.730"/>
</kw>
<kw name="Close Browser" library="Selenium2Library" type="TEARDOWN">
<doc>Closes the current browser.</doc>
<status status="PASS" starttime="20210403 18:09:58.731" endtime="20210403 18:10:00.857"/>
</kw>
<status status="FAIL" starttime="20210403 18:09:46.647" endtime="20210403 18:10:00.861">Element with locator 'class=_9ay7' not found.</status>
</test>
<status status="FAIL" starttime="20210403 18:09:46.466" endtime="20210403 18:10:00.869"/>
</suite>
<statistics>
<total>
<stat pass="0" fail="1" skip="0">All Tests</stat>
</total>
<tag>
</tag>
<suite>
<stat pass="0" fail="1" skip="0" id="s1" name="Test">Test</stat>
</suite>
</statistics>
<errors>
</errors>
</robot>
